Report       : Module-heartbeat-monitor2
Date         : 08-31-2017
Time         : 20:39:23

Compiler     : BASCOM-AVR LIBRARY V 2.0.7.8
Processor    : 90S8515
SRAM         : 200 hex
EEPROM       : 200 hex
ROMSIZE      : 2000 hex

ROMIMAGE     : 94C hex  -> Will fit into ROM
ROMIMAGE     :  2380 dec
FLASH USED   :  29  %
BAUD         : 9600 Baud
XTAL         : 4000000 Hz
BAUD error   : 0.16%

Stack start  : 25F hex
Stack size   : 28 hex
S-Stacksize  : 10 hex
S-Stackstart : 238 hex
Framesize    : 20 hex
Framestart   : 208 hex
Space left   :  400  dec

LCD DB7      : PORTB.0
LCD DB6      : PORTB.1
LCD DB5      : PORTB.2
LCD DB4      : PORTB.3
LCD E        : PORTB.6
LCD RS       : PORTB.7
LCD mode     :  4  bit

--------------------------------------------------------------------------------
Variable                         Type            Address(hex)   Address(dec)
--------------------------------------------------------------------------------
SPL                              Word              005D          93 
TCNT1                            Word              004C          76 
OCR1A                            Word              004A          74 
OCR1B                            Word              0048          72 
ICR1                             Word              0044          68 
TIMER1                           Word              004C          76 
COMPARE1A                        Word              004A          74 
COMPARE1B                        Word              0048          72 
CAPTURE1                         Word              0044          68 
PWM1A                            Word              004A          74 
PWM1B                            Word              0048          72 
HWSTACK                          Word              005D          93 
SWSTACK                          Word              001C          28 
FRAME                            Word              0004          4 
R0                                                 0000          0 
R1                                                 0001          1 
R2                                                 0002          2 
R3                                                 0003          3 
R4                                                 0004          4 
R5                                                 0005          5 
R6                                                 0006          6 
R7                                                 0007          7 
R8                                                 0008          8 
R9                                                 0009          9 
R10                                                000A          10 
R11                                                000B          11 
R12                                                000C          12 
R13                                                000D          13 
R14                                                000E          14 
R15                                                000F          15 
R16                                                0010          16 
R17                                                0011          17 
R18                                                0012          18 
R19                                                0013          19 
R20                                                0014          20 
R21                                                0015          21 
R22                                                0016          22 
R23                                                0017          23 
R24                                                0018          24 
R25                                                0019          25 
R26                                                001A          26 
R27                                                001B          27 
R28                                                001C          28 
R29                                                001D          29 
R30                                                001E          30 
R31                                                001F          31 
COUNTER1                         Word              004C          76 
TIMER1                           Word              004C          76 
CAPTURE1                         Word              0044          68 
COMPARE1A                        Word              004A          74 
PWM1A                            Word              004A          74 
COMPARE1                         Word              004A          74 
PWM1B                            Word              0048          72 
COMPARE1B                        Word              0048          72 
PWM0                             Byte              0051          81 
ERR                              Bit [2]           0006          6 
A                                Byte              0060          96 
B                                Byte              0061          97 
ALARM                            Integer           0062          98 
ALARMLED                         Integer           0064          100 
IS_SHOWN                         Integer           0066          102 
MODUL                            Byte(15)          0068          104 

--------------------------------------------------------------------------------
Constant                         Value
--------------------------------------------------------------------------------
SREG                             &H3F
SPH                              &H3E
SPL                              &H3D
GIMSK                            &H3B
GIFR                             &H3A
TIMSK                            &H39
TIFR                             &H38
MCUCR                            &H35
TCCR0                            &H33
TCNT0                            &H32
COUNTER0                         &H32
TIMER0                           &H32
OCR0                             &H31
PWM0                             &H31
COMPARE0                         &H31
TCCR1A                           &H2F
TCCR1B                           &H2E
TCNT1H                           &H2D
TCNT1L                           &H2C
OCR1AH                           &H2B
OCR1AL                           &H2A
OCR1BH                           &H29
OCR1BL                           &H28
ICR1H                            &H25
ICR1L                            &H24
WDTCR                            &H21
EEARH                            &H1F
EEARL                            &H1E
EEDR                             &H1D
EECR                             &H1C
PORTA                            &H1B
DDRA                             &H1A
PINA                             &H19
PORTB                            &H18
DDRB                             &H17
PINB                             &H16
PORTC                            &H15
DDRC                             &H14
PINC                             &H13
PORTD                            &H12
DDRD                             &H11
PIND                             &H10
SPDR                             &H0F
SPSR                             &H0E
SPCR                             &H0D
UDR                              &H0C
USR                              &H0B
UCR                              &H0A
UBRR                             &H09
ACSR                             &H08
_ROMSIZE                         8192
INT1                             7
INT0                             6
INTF1                            7
INTF0                            6
TOIE1                            7
OCIE1A                           6
OCIE1B                           5
TICIE1                           3
TOIE0                            1
TOV1                             7
OCF1A                            6
OCF1B                            5
ICF1                             3
TOV0                             1
SRE                              7
SRW                              6
SE                               5
SM                               4
ISC11                            3
ISC10                            2
ISC01                            1
ISC00                            0
CS02                             2
CS01                             1
CS00                             0
COM1A1                           7
COM1A0                           6
COM1B1                           5
COM1B0                           4
PWM11                            1
PWM10                            0
ICNC1                            7
ICES1                            6
CTC1                             3
CS12                             2
CS11                             1
CS10                             0
WDDE                             4
WDE                              3
WDP2                             2
WDP1                             1
WDP0                             0
EEMWE                            2
EEWE                             1
EERE                             0
PA7                              7
PA6                              6
PA5                              5
PA4                              4
PA3                              3
PA2                              2
PA1                              1
PA0                              0
DDA7                             7
DDA6                             6
DDA5                             5
DDA4                             4
DDA3                             3
DDA2                             2
DDA1                             1
DDA0                             0
PINA7                            7
PINA6                            6
PINA5                            5
PINA4                            4
PINA3                            3
PINA2                            2
PINA1                            1
PINA0                            0
PB7                              7
PB6                              6
PB5                              5
PB4                              4
PB3                              3
PB2                              2
PB1                              1
PB0                              0
DDB7                             7
DDB6                             6
DDB5                             5
DDB4                             4
DDB3                             3
DDB2                             2
DDB1                             1
DDB0                             0
PINB7                            7
PINB6                            6
PINB5                            5
PINB4                            4
PINB3                            3
PINB2                            2
PINB1                            1
PINB0                            0
PC7                              7
PC6                              6
PC5                              5
PC4                              4
PC3                              3
PC2                              2
PC1                              1
PC0                              0
DDC7                             7
DDC6                             6
DDC5                             5
DDC4                             4
DDC3                             3
DDC2                             2
DDC1                             1
DDC0                             0
PINC7                            7
PINC6                            6
PINC5                            5
PINC4                            4
PINC3                            3
PINC2                            2
PINC1                            1
PINC0                            0
PD7                              7
PD6                              6
PD5                              5
PD4                              4
PD3                              3
PD2                              2
PD1                              1
PD0                              0
DDD7                             7
DDD6                             6
DDD5                             5
DDD4                             4
DDD3                             3
DDD2                             2
DDD1                             1
DDD0                             0
PIND7                            7
PIND6                            6
PIND5                            5
PIND4                            4
PIND3                            3
PIND2                            2
PIND1                            1
PIND0                            0
SPIE                             7
SPE                              6
DORD                             5
MSTR                             4
CPOL                             3
CPHA                             2
SPR1                             1
SPR0                             0
SPIF                             7
WCOL                             6
RXC                              7
TXC                              6
UDRE                             5
FE                               4
OR                               3
RXCIE                            7
TXCIE                            6
UDRIE                            5
RXEN                             4
TXEN                             3
CHR9                             2
RXB8                             1
TXB8                             0
ACD                              7
ACO                              5
ACI                              4
ACIE                             3
ACIC                             2
ACIS1                            1
ACIS0                            0
_DATE_FORMAT                     0
_DATE_SEPARATOR                  92
_GSTRBUF                         520
_DECIMALPOINT                    46
_RTSCTS                          0
_RTSCTS1                         0
_RTSCTS3                         0
_RTSCTS4                         0
_RTSCTS5                         0
_RTSCTS6                         0
_RTSCTS7                         0
_RTSCTS8                         0
_CHIP                            7
_RAMSIZE                         512
_ERAMSIZE                        512
_SIM                             0
_HUGE                            0
_BASE                            1
_XTAL                            4000000
_BUILD                           20781
_COMPILER                        90
_HWMUL                           0
_DOSFILEWRITE                    0
_DOSDIRWRITE                     0
_1WEXT                           0
_ADC_REFMODEL                    0
_UARTS                           1
_HWSTACKSTART                    607
_TIMEOUT                         0
_PRDWORD                         0
_PBIN_EXTENDED                   0
_BIGSTRINGS                      0
_FPROTECT                        0
_HWSTACK_LOW                     &H0237
_SWSTACK_LOW                     &H0228
_FRAME_HIGH                      &H0229
_XMEGA                           0
_LCDDB4                          &H18
_LCDDB4_PIN                      3
_LCDDB4DIR                       &H17
_LCDDB5                          &H18
_LCDDB5_PIN                      2
_LCDDB5DIR                       &H17
_LCDDB6                          &H18
_LCDDB6_PIN                      1
_LCDDB6DIR                       &H17
_LCDDB7                          &H18
_LCDDB7_PIN                      0
_LCDDB7DIR                       &H17
_LCDDBE                          &H18
_LCDDBE_PIN                      6
_LCDDBEDIR                       &H17
_LCDDBRS                         &H18
_LCDDBRS_PIN                     7
_LCDDBRSDIR                      &H17
TIMEOUT                          21
CBITINFINITY                     0
CMBITINFINITY                    1
CBITZERO                         1
CMBITZERO                        2
CBITNAN                          2
CMBITNAN                         4
CBITNANIFINF                     3
CMBITNANIFINF                    8
CBITNANIFMINUS                   4
CMBITNANIFMINUS                  16
CBITSIGN                         7
CMBITSIGN                        128
CEXPADDOFFSET                    0
CEXPSUBOFFSET                    12
CEXPMULOFFSET                    24
CEXPDIVOFFSET                    36


--------------------------------------------------------------------------------
Warnings:
--------------------------------------------------------------------------------
SPL                              not used
TCNT1                            not used
OCR1A                            not used
OCR1B                            not used
ICR1                             not used
PWM1B                            not used
R0                               not used
R1                               not used
R2                               not used
R3                               not used
R4                               not used
R5                               not used
R6                               not used
R7                               not used
R8                               not used
R9                               not used
R10                              not used
R11                              not used
R12                              not used
R13                              not used
R14                              not used
R15                              not used
R16                              not used
R17                              not used
R18                              not used
R19                              not used
R20                              not used
R21                              not used
R22                              not used
R23                              not used
R24                              not used
R25                              not used
R26                              not used
R27                              not used
R28                              not used
R29                              not used
R30                              not used
R31                              not used
COMPARE1                         not used
PWM1B                            not used
PWM0                             not used

